[2018-09-30 10:14:41]  [ main:0 ] - [ INFO ]  1111
[2018-09-30 10:14:41]  [ main:3 ] - [ DEBUG ]  2222
[2018-09-30 10:14:41]  [ main:3 ] - [ WARN ]  3333
[2018-09-30 10:14:41]  [ main:3 ] - [ ERROR ]  4444
[2018-09-30 10:43:41]  [ main:0 ] - [ INFO ]  输入用户名：15000345819
[2018-09-30 10:43:41]  [ main:126 ] - [ INFO ]  输入密码：a521yulan
[2018-09-30 10:43:44]  [ main:3782 ] - [ INFO ]  点击登录按钮：
[2018-09-30 10:43:49]  [ main:8815 ] - [ DEBUG ]  未找到注册按钮：验证是否进入成功
[2018-09-30 10:49:14]  [ main:0 ] - [ INFO ]  输入用户名：15000345819
[2018-09-30 10:49:14]  [ main:124 ] - [ INFO ]  输入密码：a521yulan
[2018-09-30 10:49:17]  [ main:3058 ] - [ INFO ]  点击登录按钮：
[2018-09-30 10:49:22]  [ main:8224 ] - [ DEBUG ]  未找到注册按钮：验证是否进入成功
[2018-09-30 11:05:20]  [ main:0 ] - [ INFO ]  输入用户名：1234
[2018-09-30 11:05:20]  [ main:97 ] - [ INFO ]  输入密码：124qwe
[2018-09-30 11:05:20]  [ main:750 ] - [ INFO ]  点击登录按钮：
[2018-09-30 11:05:20]  [ main:770 ] - [ INFO ]  存在注册按钮，证明所在登录界面：验证登录失败：
[2018-09-30 11:05:26]  [ main:6558 ] - [ INFO ]  输入用户名：qazxsw321@
[2018-09-30 11:05:26]  [ main:6639 ] - [ INFO ]  输入密码：123
[2018-09-30 11:05:32]  [ main:12009 ] - [ INFO ]  点击登录按钮：
[2018-09-30 11:05:32]  [ main:12021 ] - [ INFO ]  存在注册按钮，证明所在登录界面：验证登录失败：
[2018-09-30 11:05:37]  [ main:17756 ] - [ INFO ]  输入用户名：111
[2018-09-30 11:05:38]  [ main:17836 ] - [ INFO ]  输入密码：333
[2018-09-30 11:05:38]  [ main:18228 ] - [ INFO ]  点击登录按钮：
[2018-09-30 11:05:38]  [ main:18239 ] - [ INFO ]  存在注册按钮，证明所在登录界面：验证登录失败：
[2018-09-30 11:05:44]  [ main:23880 ] - [ INFO ]  输入用户名：2222
[2018-09-30 11:05:44]  [ main:23957 ] - [ INFO ]  输入密码：rrr
[2018-09-30 11:05:44]  [ main:24341 ] - [ INFO ]  点击登录按钮：
[2018-09-30 11:05:44]  [ main:24355 ] - [ INFO ]  存在注册按钮，证明所在登录界面：验证登录失败：
[2018-09-30 11:05:50]  [ main:30003 ] - [ INFO ]  输入用户名：qq
[2018-09-30 11:05:50]  [ main:30173 ] - [ INFO ]  输入密码：444
[2018-09-30 11:05:50]  [ main:30635 ] - [ INFO ]  点击登录按钮：
[2018-09-30 11:05:50]  [ main:30651 ] - [ INFO ]  存在注册按钮，证明所在登录界面：验证登录失败：
[2018-09-30 11:05:56]  [ main:36331 ] - [ INFO ]  输入用户名：dd
[2018-09-30 11:05:56]  [ main:36428 ] - [ INFO ]  输入密码：aa
[2018-09-30 11:05:57]  [ main:36827 ] - [ INFO ]  点击登录按钮：
[2018-09-30 11:05:57]  [ main:36849 ] - [ INFO ]  存在注册按钮，证明所在登录界面：验证登录失败：
[2018-09-30 11:10:25]  [ main:0 ] - [ INFO ]  输入用户名：1234
[2018-09-30 11:10:25]  [ main:122 ] - [ INFO ]  输入密码：124qwe
[2018-09-30 11:10:26]  [ main:848 ] - [ INFO ]  点击登录按钮：
[2018-09-30 11:10:26]  [ main:868 ] - [ INFO ]  存在注册按钮，证明所在登录界面：验证登录失败：
[2018-09-30 11:10:32]  [ main:6578 ] - [ INFO ]  输入用户名：qazxsw321@
[2018-09-30 11:10:32]  [ main:6678 ] - [ INFO ]  输入密码：123
[2018-09-30 11:10:32]  [ main:7029 ] - [ INFO ]  点击登录按钮：
[2018-09-30 11:10:32]  [ main:7043 ] - [ INFO ]  存在注册按钮，证明所在登录界面：验证登录失败：
[2018-09-30 11:10:38]  [ main:12844 ] - [ INFO ]  输入用户名：111
[2018-09-30 11:10:38]  [ main:12932 ] - [ INFO ]  输入密码：333
[2018-09-30 11:10:39]  [ main:13317 ] - [ INFO ]  点击登录按钮：
[2018-09-30 11:10:39]  [ main:13336 ] - [ INFO ]  存在注册按钮，证明所在登录界面：验证登录失败：
[2018-09-30 11:10:44]  [ main:18961 ] - [ INFO ]  输入用户名：2222
[2018-09-30 11:10:44]  [ main:19039 ] - [ INFO ]  输入密码：rrr
[2018-09-30 11:10:45]  [ main:19432 ] - [ INFO ]  点击登录按钮：
[2018-09-30 11:10:45]  [ main:19442 ] - [ INFO ]  存在注册按钮，证明所在登录界面：验证登录失败：
[2018-09-30 11:10:50]  [ main:25076 ] - [ INFO ]  输入用户名：qq
[2018-09-30 11:10:51]  [ main:25156 ] - [ INFO ]  输入密码：444
[2018-09-30 11:10:51]  [ main:25714 ] - [ INFO ]  点击登录按钮：
[2018-09-30 11:10:51]  [ main:25723 ] - [ INFO ]  存在注册按钮，证明所在登录界面：验证登录失败：
[2018-09-30 11:10:57]  [ main:31323 ] - [ INFO ]  输入用户名：dd
[2018-09-30 11:10:57]  [ main:31396 ] - [ INFO ]  输入密码：aa
[2018-09-30 11:10:57]  [ main:31796 ] - [ INFO ]  点击登录按钮：
[2018-09-30 11:10:57]  [ main:31817 ] - [ INFO ]  存在注册按钮，证明所在登录界面：验证登录失败：
[2018-09-30 11:11:03]  [ main:37467 ] - [ INFO ]  输入用户名：15000345819
[2018-09-30 11:11:03]  [ main:37553 ] - [ INFO ]  输入密码：a521yulan
[2018-09-30 11:11:13]  [ main:47547 ] - [ INFO ]  点击登录按钮：
[2018-09-30 11:11:18]  [ main:52568 ] - [ DEBUG ]  未找到注册按钮：验证是否进入成功
[2018-09-30 11:19:53]  [ main:0 ] - [ INFO ]  输入用户名：1234
[2018-09-30 11:19:53]  [ main:107 ] - [ INFO ]  输入密码：124qwe
[2018-09-30 11:19:57]  [ main:3603 ] - [ INFO ]  点击登录按钮：
[2018-09-30 11:19:57]  [ main:3626 ] - [ INFO ]  存在注册按钮，证明所在登录界面：验证登录失败：
[2018-09-30 11:20:03]  [ main:9426 ] - [ INFO ]  输入用户名：qazxsw321@
[2018-09-30 11:20:03]  [ main:9513 ] - [ INFO ]  输入密码：123
[2018-09-30 11:20:03]  [ main:9964 ] - [ INFO ]  点击登录按钮：
[2018-09-30 11:20:03]  [ main:9975 ] - [ INFO ]  存在注册按钮，证明所在登录界面：验证登录失败：
[2018-09-30 11:20:09]  [ main:15589 ] - [ INFO ]  输入用户名：111
[2018-09-30 11:20:09]  [ main:15671 ] - [ INFO ]  输入密码：333
[2018-09-30 11:20:09]  [ main:16030 ] - [ INFO ]  点击登录按钮：
[2018-09-30 11:20:09]  [ main:16044 ] - [ INFO ]  存在注册按钮，证明所在登录界面：验证登录失败：
[2018-09-30 11:20:15]  [ main:21737 ] - [ INFO ]  输入用户名：2222
[2018-09-30 11:20:15]  [ main:21816 ] - [ INFO ]  输入密码：rrr
[2018-09-30 11:20:20]  [ main:27152 ] - [ INFO ]  点击登录按钮：
[2018-09-30 11:20:21]  [ main:27160 ] - [ INFO ]  存在注册按钮，证明所在登录界面：验证登录失败：
[2018-09-30 11:20:26]  [ main:32874 ] - [ INFO ]  输入用户名：qq
[2018-09-30 11:20:26]  [ main:32952 ] - [ INFO ]  输入密码：444
[2018-09-30 11:20:27]  [ main:33404 ] - [ INFO ]  点击登录按钮：
[2018-09-30 11:20:27]  [ main:33415 ] - [ INFO ]  存在注册按钮，证明所在登录界面：验证登录失败：
[2018-09-30 11:20:32]  [ main:38991 ] - [ INFO ]  输入用户名：dd
[2018-09-30 11:20:32]  [ main:39065 ] - [ INFO ]  输入密码：aa
[2018-09-30 11:20:33]  [ main:39393 ] - [ INFO ]  点击登录按钮：
[2018-09-30 11:20:33]  [ main:39406 ] - [ INFO ]  存在注册按钮，证明所在登录界面：验证登录失败：
[2018-09-30 11:27:19]  [ main:0 ] - [ INFO ]  输入用户名：1234
[2018-09-30 11:27:19]  [ main:101 ] - [ INFO ]  输入密码：124qwe
[2018-09-30 11:27:20]  [ main:1059 ] - [ INFO ]  点击登录按钮：
[2018-09-30 11:27:20]  [ main:1079 ] - [ INFO ]  存在注册按钮，证明所在登录界面：验证登录失败：
[2018-09-30 11:27:26]  [ main:6823 ] - [ INFO ]  输入用户名：qazxsw321@
[2018-09-30 11:27:26]  [ main:6905 ] - [ INFO ]  输入密码：123
[2018-09-30 11:27:26]  [ main:7232 ] - [ INFO ]  点击登录按钮：
[2018-09-30 11:27:26]  [ main:7253 ] - [ INFO ]  存在注册按钮，证明所在登录界面：验证登录失败：
[2018-09-30 11:27:32]  [ main:12922 ] - [ INFO ]  输入用户名：111
[2018-09-30 11:27:32]  [ main:13005 ] - [ INFO ]  输入密码：333
[2018-09-30 11:27:32]  [ main:13605 ] - [ INFO ]  点击登录按钮：
[2018-09-30 11:27:32]  [ main:13619 ] - [ INFO ]  存在注册按钮，证明所在登录界面：验证登录失败：
[2018-09-30 11:27:38]  [ main:19286 ] - [ INFO ]  输入用户名：2222
[2018-09-30 11:27:38]  [ main:19363 ] - [ INFO ]  输入密码：rrr
[2018-09-30 11:27:39]  [ main:19843 ] - [ INFO ]  点击登录按钮：
[2018-09-30 11:27:39]  [ main:19853 ] - [ INFO ]  存在注册按钮，证明所在登录界面：验证登录失败：
[2018-09-30 11:27:44]  [ main:25472 ] - [ INFO ]  输入用户名：qq
[2018-09-30 11:27:44]  [ main:25546 ] - [ INFO ]  输入密码：444
[2018-09-30 11:27:45]  [ main:26101 ] - [ INFO ]  点击登录按钮：
[2018-09-30 11:27:45]  [ main:26112 ] - [ INFO ]  存在注册按钮，证明所在登录界面：验证登录失败：
[2018-09-30 11:27:51]  [ main:31706 ] - [ INFO ]  输入用户名：dd
[2018-09-30 11:27:51]  [ main:31786 ] - [ INFO ]  输入密码：aa
[2018-09-30 11:27:51]  [ main:32509 ] - [ INFO ]  点击登录按钮：
[2018-09-30 11:27:51]  [ main:32548 ] - [ INFO ]  存在注册按钮，证明所在登录界面：验证登录失败：
[2018-09-30 11:27:57]  [ main:38208 ] - [ INFO ]  输入用户名：15000345819
[2018-09-30 11:27:57]  [ main:38304 ] - [ INFO ]  输入密码：a521yulan
[2018-09-30 11:28:00]  [ main:41411 ] - [ INFO ]  点击登录按钮：
[2018-09-30 11:28:05]  [ main:46485 ] - [ DEBUG ]  未找到注册按钮：验证是否进入成功
[2018-09-30 11:44:36]  [ main:0 ] - [ INFO ]  输入用户名：1234
[2018-09-30 11:44:36]  [ main:101 ] - [ INFO ]  输入密码：124qwe
[2018-09-30 11:44:37]  [ main:777 ] - [ INFO ]  点击登录按钮：
[2018-09-30 11:44:37]  [ main:796 ] - [ INFO ]  存在注册按钮，证明所在登录界面：验证登录失败：
[2018-09-30 11:44:43]  [ main:6521 ] - [ INFO ]  输入用户名：qazxsw321@
[2018-09-30 11:44:43]  [ main:6595 ] - [ INFO ]  输入密码：123
[2018-09-30 11:44:43]  [ main:6999 ] - [ INFO ]  点击登录按钮：
[2018-09-30 11:44:43]  [ main:7019 ] - [ INFO ]  存在注册按钮，证明所在登录界面：验证登录失败：
[2018-09-30 11:44:49]  [ main:12674 ] - [ INFO ]  输入用户名：111
[2018-09-30 11:44:49]  [ main:12756 ] - [ INFO ]  输入密码：333
[2018-09-30 11:44:50]  [ main:13422 ] - [ INFO ]  点击登录按钮：
[2018-09-30 11:44:50]  [ main:13431 ] - [ INFO ]  存在注册按钮，证明所在登录界面：验证登录失败：
[2018-09-30 11:44:55]  [ main:19209 ] - [ INFO ]  输入用户名：2222
[2018-09-30 11:44:55]  [ main:19277 ] - [ INFO ]  输入密码：rrr
[2018-09-30 11:44:56]  [ main:19707 ] - [ INFO ]  点击登录按钮：
[2018-09-30 11:44:56]  [ main:19719 ] - [ INFO ]  存在注册按钮，证明所在登录界面：验证登录失败：
[2018-09-30 11:45:02]  [ main:25393 ] - [ INFO ]  输入用户名：qq
[2018-09-30 11:45:02]  [ main:25478 ] - [ INFO ]  输入密码：444
[2018-09-30 11:45:02]  [ main:26056 ] - [ INFO ]  点击登录按钮：
[2018-09-30 11:45:02]  [ main:26067 ] - [ INFO ]  存在注册按钮，证明所在登录界面：验证登录失败：
[2018-09-30 11:45:08]  [ main:31643 ] - [ INFO ]  输入用户名：dd
[2018-09-30 11:45:08]  [ main:31717 ] - [ INFO ]  输入密码：aa
[2018-09-30 11:45:08]  [ main:32122 ] - [ INFO ]  点击登录按钮：
[2018-09-30 11:45:08]  [ main:32130 ] - [ INFO ]  存在注册按钮，证明所在登录界面：验证登录失败：
[2018-09-30 11:45:14]  [ main:37778 ] - [ INFO ]  输入用户名：15000345819
[2018-09-30 11:45:14]  [ main:37883 ] - [ INFO ]  输入密码：a521yulan
[2018-09-30 11:45:19]  [ main:42864 ] - [ INFO ]  点击登录按钮：
[2018-09-30 11:45:24]  [ main:47920 ] - [ DEBUG ]  未找到注册按钮：验证是否进入成功
[2018-09-30 13:03:06]  [ main:0 ] - [ INFO ]  输入用户名：1234
[2018-09-30 13:03:06]  [ main:99 ] - [ INFO ]  输入密码：124qwe
[2018-09-30 13:03:06]  [ main:849 ] - [ INFO ]  点击登录按钮：
[2018-09-30 13:03:06]  [ main:875 ] - [ INFO ]  存在注册按钮，证明所在登录界面：验证登录失败：
[2018-09-30 13:03:12]  [ main:6580 ] - [ INFO ]  输入用户名：qazxsw321@
[2018-09-30 13:03:12]  [ main:6681 ] - [ INFO ]  输入密码：123
[2018-09-30 13:03:13]  [ main:7182 ] - [ INFO ]  点击登录按钮：
[2018-09-30 13:03:13]  [ main:7197 ] - [ INFO ]  存在注册按钮，证明所在登录界面：验证登录失败：
[2018-09-30 13:03:19]  [ main:12945 ] - [ INFO ]  输入用户名：111
[2018-09-30 13:03:19]  [ main:13028 ] - [ INFO ]  输入密码：333
[2018-09-30 13:03:19]  [ main:13438 ] - [ INFO ]  点击登录按钮：
[2018-09-30 13:03:19]  [ main:13457 ] - [ INFO ]  存在注册按钮，证明所在登录界面：验证登录失败：
[2018-09-30 13:03:25]  [ main:19085 ] - [ INFO ]  输入用户名：2222
[2018-09-30 13:03:25]  [ main:19160 ] - [ INFO ]  输入密码：rrr
[2018-09-30 13:03:25]  [ main:19562 ] - [ INFO ]  点击登录按钮：
[2018-09-30 13:03:25]  [ main:19573 ] - [ INFO ]  存在注册按钮，证明所在登录界面：验证登录失败：
[2018-09-30 13:03:31]  [ main:25185 ] - [ INFO ]  输入用户名：qq
[2018-09-30 13:03:31]  [ main:25268 ] - [ INFO ]  输入密码：444
[2018-09-30 13:03:31]  [ main:25852 ] - [ INFO ]  点击登录按钮：
[2018-09-30 13:03:31]  [ main:25889 ] - [ INFO ]  存在注册按钮，证明所在登录界面：验证登录失败：
[2018-09-30 13:03:37]  [ main:31568 ] - [ INFO ]  输入用户名：dd
[2018-09-30 13:03:37]  [ main:31640 ] - [ INFO ]  输入密码：aa
[2018-09-30 13:03:38]  [ main:32041 ] - [ INFO ]  点击登录按钮：
[2018-09-30 13:03:38]  [ main:32052 ] - [ INFO ]  存在注册按钮，证明所在登录界面：验证登录失败：
[2018-09-30 13:03:43]  [ main:37741 ] - [ INFO ]  输入用户名：15000345819
[2018-09-30 13:03:43]  [ main:37829 ] - [ INFO ]  输入密码：a521yulan
[2018-09-30 13:03:49]  [ main:43365 ] - [ INFO ]  点击登录按钮：
[2018-09-30 13:03:54]  [ main:48422 ] - [ DEBUG ]  未找到注册按钮：验证是否进入成功
[2018-09-30 13:41:11]  [ main:0 ] - [ INFO ]  输入用户名：1234
[2018-09-30 13:41:11]  [ main:86 ] - [ INFO ]  输入密码：124qwe
[2018-09-30 13:41:12]  [ main:734 ] - [ INFO ]  点击登录按钮：
[2018-09-30 13:41:12]  [ main:750 ] - [ INFO ]  存在注册按钮，证明所在登录界面：验证登录失败：
[2018-09-30 13:41:17]  [ main:6404 ] - [ INFO ]  输入用户名：qazxsw321@
[2018-09-30 13:41:18]  [ main:6477 ] - [ INFO ]  输入密码：123
[2018-09-30 13:41:18]  [ main:6814 ] - [ INFO ]  点击登录按钮：
[2018-09-30 13:41:18]  [ main:6828 ] - [ INFO ]  存在注册按钮，证明所在登录界面：验证登录失败：
[2018-09-30 13:41:24]  [ main:12433 ] - [ INFO ]  输入用户名：111
[2018-09-30 13:41:24]  [ main:12522 ] - [ INFO ]  输入密码：333
[2018-09-30 13:41:24]  [ main:12922 ] - [ INFO ]  点击登录按钮：
[2018-09-30 13:41:24]  [ main:12939 ] - [ INFO ]  存在注册按钮，证明所在登录界面：验证登录失败：
[2018-09-30 13:41:30]  [ main:18705 ] - [ INFO ]  输入用户名：2222
[2018-09-30 13:41:30]  [ main:18782 ] - [ INFO ]  输入密码：rrr
[2018-09-30 13:41:30]  [ main:19190 ] - [ INFO ]  点击登录按钮：
[2018-09-30 13:41:30]  [ main:19210 ] - [ INFO ]  存在注册按钮，证明所在登录界面：验证登录失败：
[2018-09-30 13:41:36]  [ main:24804 ] - [ INFO ]  输入用户名：qq
[2018-09-30 13:41:36]  [ main:24897 ] - [ INFO ]  输入密码：444
[2018-09-30 13:41:37]  [ main:26012 ] - [ INFO ]  点击登录按钮：
[2018-09-30 13:41:37]  [ main:26027 ] - [ INFO ]  存在注册按钮，证明所在登录界面：验证登录失败：
[2018-09-30 13:41:43]  [ main:31632 ] - [ INFO ]  输入用户名：dd
[2018-09-30 13:41:43]  [ main:31704 ] - [ INFO ]  输入密码：aa
[2018-09-30 13:41:43]  [ main:32097 ] - [ INFO ]  点击登录按钮：
[2018-09-30 13:41:43]  [ main:32106 ] - [ INFO ]  存在注册按钮，证明所在登录界面：验证登录失败：
[2018-09-30 13:41:49]  [ main:37803 ] - [ INFO ]  输入用户名：15000345819
[2018-09-30 13:41:49]  [ main:37889 ] - [ INFO ]  输入密码：a521yulan
[2018-09-30 13:41:53]  [ main:41682 ] - [ INFO ]  点击登录按钮：
[2018-09-30 13:41:58]  [ main:46770 ] - [ DEBUG ]  未找到注册按钮：验证是否进入成功
[2018-09-30 13:45:23]  [ main:0 ] - [ INFO ]  输入用户名：15000345819
[2018-09-30 13:45:23]  [ main:108 ] - [ INFO ]  输入密码：a521yulan
[2018-09-30 13:45:26]  [ main:3158 ] - [ INFO ]  点击登录按钮：
[2018-09-30 13:45:31]  [ main:8209 ] - [ DEBUG ]  未找到注册按钮：验证是否进入成功
[2018-09-30 13:45:41]  [ main:18441 ] - [ DEBUG ]  元素不存在：txtUser
